<?xml version="1.0" encoding="UTF-8"?>
<testsuite name="Scenario: Verify I can&apos;t create an account if password is less than 6 characters" time="1.654" tests="43" errors="0" skipped="0" failures="0">
  <properties>
[...]
</properties>
  <testcase name="Given I am on Amazon home page" classname="Scenario: Verify I can&apos;t create an account if name is not entered" time="0.379"/>
  <testcase name="Given I am on Create Account page" classname="Scenario: Verify I can&apos;t create an account if name is not entered" time="0.001"/>
  <testcase name="When I enter  mohammad@technosoft.io into email field on amazon register page" classname="Scenario: Verify I can&apos;t create an account if name is not entered" time="0.001"/>
  <testcase name="And I enter  test1234 into password field on amazon register page" classname="Scenario: Verify I can&apos;t create an account if name is not entered" time="0.001"/>
  <testcase name="And I enter test1234 into re-enter password field on amazon register page" classname="Scenario: Verify I can&apos;t create an account if name is not entered" time="0.001"/>
  <testcase name="And I click on Create your Amazon account button on amazon register page" classname="Scenario: Verify I can&apos;t create an account if name is not entered" time="0.001"/>
  <testcase name="Then I verify &quot;Enter your name&quot; error on amazon register page" classname="Scenario: Verify I can&apos;t create an account if name is not entered" time="0.002"/>
  <testcase name="Scenario: Verify I can&apos;t create an account if name is not entered" classname="Scenario: Verify I can&apos;t create an account if name is not entered" time="0.266"/>
  <testcase name="Given I am on Amazon home page" classname="Scenario: Verify I can&apos;t create an account if email is not entered" time="0.007"/>
  <testcase name="Given I am on Create Account page" classname="Scenario: Verify I can&apos;t create an account if email is not entered" time="0"/>
  <testcase name="When I enter  Yulia into name field on amazon register page" classname="Scenario: Verify I can&apos;t create an account if email is not entered" time="0"/>
  <testcase name="And I enter  test1234 into password field on amazon register page" classname="Scenario: Verify I can&apos;t create an account if email is not entered" time="0.001"/>
  <testcase name="And I enter test1234 into re-enter password field on amazon register page" classname="Scenario: Verify I can&apos;t create an account if email is not entered" time="0.001"/>
  <testcase name="And I click on Create your Amazon account button on amazon register page" classname="Scenario: Verify I can&apos;t create an account if email is not entered" time="0.001"/>
  <testcase name="Then I verify &quot;Enter your email&quot; error on amazon register page" classname="Scenario: Verify I can&apos;t create an account if email is not entered" time="0"/>
  <testcase name="Scenario: Verify I can&apos;t create an account if email is not entered" classname="Scenario: Verify I can&apos;t create an account if email is not entered" time="0.256"/>
  <testcase name="Given I am on Amazon home page" classname="Scenario: Verify I can&apos;t create an account if entered email is not an email" time="0.005"/>
  <testcase name="Given I am on Create Account page" classname="Scenario: Verify I can&apos;t create an account if entered email is not an email" time="0"/>
  <testcase name="When I enter  Yulia into name field on amazon register page" classname="Scenario: Verify I can&apos;t create an account if entered email is not an email" time="0.001"/>
  <testcase name="And I enter thisIsMyEmail into email field on amazon register page" classname="Scenario: Verify I can&apos;t create an account if entered email is not an email" time="0.001"/>
  <testcase name="And I enter  test1234 into password field on amazon register page" classname="Scenario: Verify I can&apos;t create an account if entered email is not an email" time="0.002"/>
  <testcase name="And I enter test1234 into re-enter password field on amazon register page" classname="Scenario: Verify I can&apos;t create an account if entered email is not an email" time="0.002"/>
  <testcase name="And I click on Create your Amazon account button on amazon register page" classname="Scenario: Verify I can&apos;t create an account if entered email is not an email" time="0"/>
  <testcase name="Then I verify &quot;Enter a valid email address&quot; error on amazon register page" classname="Scenario: Verify I can&apos;t create an account if entered email is not an email" time="0.001"/>
  <testcase name="Scenario: Verify I can&apos;t create an account if entered email is not an email" classname="Scenario: Verify I can&apos;t create an account if entered email is not an email" time="0.244"/>
  <testcase name="Given I am on Amazon home page" classname="Scenario: Verify I can&apos;t create an account if passwords don&apos;t match" time="0.003"/>
  <testcase name="Given I am on Create Account page" classname="Scenario: Verify I can&apos;t create an account if passwords don&apos;t match" time="0"/>
  <testcase name="When I enter  Yulia into name field on amazon register page" classname="Scenario: Verify I can&apos;t create an account if passwords don&apos;t match" time="0.001"/>
  <testcase name="And I enter test@technosoft.io into email field on amazon register page" classname="Scenario: Verify I can&apos;t create an account if passwords don&apos;t match" time="0"/>
  <testcase name="And I enter  test1234 into password field on amazon register page" classname="Scenario: Verify I can&apos;t create an account if passwords don&apos;t match" time="0"/>
  <testcase name="And I enter test into re-enter password field on amazon register page" classname="Scenario: Verify I can&apos;t create an account if passwords don&apos;t match" time="0.001"/>
  <testcase name="And I click on Create your Amazon account button on amazon register page" classname="Scenario: Verify I can&apos;t create an account if passwords don&apos;t match" time="0.001"/>
  <testcase name="Then I verify &quot;Passwords must match&quot; error on amazon register page" classname="Scenario: Verify I can&apos;t create an account if passwords don&apos;t match" time="0.001"/>
  <testcase name="Scenario: Verify I can&apos;t create an account if passwords don&apos;t match" classname="Scenario: Verify I can&apos;t create an account if passwords don&apos;t match" time="0.241"/>
  <testcase name="Given I am on Amazon home page" classname="Scenario: Verify I can&apos;t create an account if password is less than 6 characters" time="0.003"/>
  <testcase name="Given I am on Create Account page" classname="Scenario: Verify I can&apos;t create an account if password is less than 6 characters" time="0"/>
  <testcase name="When I enter  Yulia into name field on amazon register page" classname="Scenario: Verify I can&apos;t create an account if password is less than 6 characters" time="0"/>
  <testcase name="And I enter test@technosoft.io into email field on amazon register page" classname="Scenario: Verify I can&apos;t create an account if password is less than 6 characters" time="0"/>
  <testcase name="And I enter  12345 into password field on amazon register page" classname="Scenario: Verify I can&apos;t create an account if password is less than 6 characters" time="0"/>
  <testcase name="And I enter 12345 into re-enter password field on amazon register page" classname="Scenario: Verify I can&apos;t create an account if password is less than 6 characters" time="0"/>
  <testcase name="And I click on Create your Amazon account button on amazon register page" classname="Scenario: Verify I can&apos;t create an account if password is less than 6 characters" time="0.001"/>
  <testcase name="Then I verify &quot;Passwords must be at least 6 characters.&quot; error on amazon register page" classname="Scenario: Verify I can&apos;t create an account if password is less than 6 characters" time="0"/>
  <testcase name="Scenario: Verify I can&apos;t create an account if password is less than 6 characters" classname="Scenario: Verify I can&apos;t create an account if password is less than 6 characters" time="0.228"/>
</testsuite>